Shoe Store-Kotlin/app/build/intermediates/manifest_merge_blame_file/debug/manifest-merger-blame-debug-report.txt
1<?xml version="1.0" encoding="utf-8"?>
2<manifest xmlns:android="http://schemas.android.com/apk/res/android"
3    package="com.udacity.shoestore"
4    android:versionCode="1"
5    android:versionName="1.0" >
6
7    <uses-sdk
8        android:minSdkVersion="22"
8-->src/main/AndroidManifest.xml
9        android:targetSdkVersion="29" />
9-->src/main/AndroidManifest.xml
10
11    <application
11-->src/main/AndroidManifest.xml:6:5-20:19
12        android:allowBackup="true"
12-->src/main/AndroidManifest.xml:7:9-35
13        android:appComponentFactory="androidx.core.app.CoreComponentFactory"
13-->[androidx.core:core:1.1.0] AndroidManifest.xml:24:18-86
14        android:debuggable="true"
15        android:icon="@mipmap/ic_launcher"
15-->src/main/AndroidManifest.xml:8:9-43
16        android:label="@string/app_name"
16-->src/main/AndroidManifest.xml:9:9-41
17        android:roundIcon="@mipmap/ic_launcher_round"
17-->src/main/AndroidManifest.xml:10:9-54
18        android:supportsRtl="true"
18-->src/main/AndroidManifest.xml:11:9-35
19        android:theme="@style/AppTheme.NoActionBar" >
19-->src/main/AndroidManifest.xml:12:9-52
20        <activity android:name="com.udacity.shoestore.MainActivity" >
20-->src/main/AndroidManifest.xml:14:9-19:20
20-->src/main/AndroidManifest.xml:14:19-47
21            <intent-filter>
21-->src/main/AndroidManifest.xml:15:13-18:29
22                <action android:name="android.intent.action.MAIN" />
22-->src/main/AndroidManifest.xml:16:17-69
22-->src/main/AndroidManifest.xml:16:25-66
23
24                <category android:name="android.intent.category.LAUNCHER" />
24-->src/main/AndroidManifest.xml:17:17-77
24-->src/main/AndroidManifest.xml:17:27-74
25            </intent-filter>
26        </activity>
27
28        <provider
28-->[androidx.lifecycle:lifecycle-process:2.2.0] AndroidManifest.xml:25:9-29:43
29            android:name="androidx.lifecycle.ProcessLifecycleOwnerInitializer"
29-->[androidx.lifecycle:lifecycle-process:2.2.0] AndroidManifest.xml:26:13-79
30            android:authorities="com.udacity.shoestore.lifecycle-process"
30-->[androidx.lifecycle:lifecycle-process:2.2.0] AndroidManifest.xml:27:13-69
31            android:exported="false"
31-->[androidx.lifecycle:lifecycle-process:2.2.0] AndroidManifest.xml:28:13-37
32            android:multiprocess="true" />
32-->[androidx.lifecycle:lifecycle-process:2.2.0] AndroidManifest.xml:29:13-40
33    </application>
34
35</manifest>